<?xml version="1.0" encoding="UTF-8"?>
<coverage generated="1741036122183" clover="3.2.0">
  <project timestamp="1741036122183" name="All files">
    <metrics statements="7" coveredstatements="5" conditionals="3" coveredconditionals="2" methods="2" coveredmethods="1" elements="12" coveredelements="8" complexity="0" loc="7" ncloc="7" packages="1" files="1" classes="1"/>
    <file name="sum.js" path="D:\PROJECT-WEBSITE\belajar-nodejs-unit-test\src\sum.js">
      <metrics statements="7" coveredstatements="5" conditionals="3" coveredconditionals="2" methods="2" coveredmethods="1"/>
      <line num="1" count="1" type="stmt"/>
      <line num="2" count="0" type="stmt"/>
      <line num="3" count="0" type="stmt"/>
      <line num="4" count="1" type="stmt"/>
      <line num="5" count="1" type="cond" truecount="1" falsecount="1"/>
      <line num="6" count="6" type="cond" truecount="1" falsecount="0"/>
      <line num="7" count="6" type="stmt"/>
    </file>
  </project>
</coverage>
