{"D:\\PROJECT-WEBSITE\\belajar-nodejs-unit-test\\src\\async.js": {"path":"D:\\PROJECT-WEBSITE\\belajar-nodejs-unit-test\\src\\async.js","all":false,"statementMap":{"0":{"start":{"line":1,"column":0},"end":{"line":1,"column":40}},"1":{"start":{"line":2,"column":0},"end":{"line":2,"column":43}},"2":{"start":{"line":3,"column":0},"end":{"line":3,"column":22}},"3":{"start":{"line":4,"column":0},"end":{"line":4,"column":17}},"4":{"start":{"line":5,"column":0},"end":{"line":5,"column":33}},"5":{"start":{"line":6,"column":0},"end":{"line":6,"column":14}},"6":{"start":{"line":7,"column":0},"end":{"line":7,"column":32}},"7":{"start":{"line":8,"column":0},"end":{"line":8,"column":7}},"8":{"start":{"line":9,"column":0},"end":{"line":9,"column":13}},"9":{"start":{"line":10,"column":0},"end":{"line":10,"column":5}},"10":{"start":{"line":11,"column":0},"end":{"line":11,"column":2}}},"s":{"0":1,"1":2,"2":2,"3":2,"4":1,"5":1,"6":1,"7":1,"8":2,"9":2,"10":2},"branchMap":{"0":{"type":"branch","line":1,"loc":{"start":{"line":1,"column":29},"end":{"line":11,"column":2}},"locations":[{"start":{"line":1,"column":29},"end":{"line":11,"column":2}}]},"1":{"type":"branch","line":2,"loc":{"start":{"line":2,"column":21},"end":{"line":10,"column":3}},"locations":[{"start":{"line":2,"column":21},"end":{"line":10,"column":3}}]},"2":{"type":"branch","line":3,"loc":{"start":{"line":3,"column":15},"end":{"line":9,"column":5}},"locations":[{"start":{"line":3,"column":15},"end":{"line":9,"column":5}}]},"3":{"type":"branch","line":4,"loc":{"start":{"line":4,"column":16},"end":{"line":8,"column":7}},"locations":[{"start":{"line":4,"column":16},"end":{"line":8,"column":7}}]}},"b":{"0":[2],"1":[2],"2":[2],"3":[1]},"fnMap":{"0":{"name":"sayHelloAsync","decl":{"start":{"line":1,"column":29},"end":{"line":11,"column":2}},"loc":{"start":{"line":1,"column":29},"end":{"line":11,"column":2}},"line":1}},"f":{"0":2}}
,"D:\\PROJECT-WEBSITE\\belajar-nodejs-unit-test\\src\\exception.js": {"path":"D:\\PROJECT-WEBSITE\\belajar-nodejs-unit-test\\src\\exception.js","all":false,"statementMap":{"0":{"start":{"line":1,"column":0},"end":{"line":1,"column":42}},"1":{"start":{"line":2,"column":0},"end":{"line":2,"column":0}},"2":{"start":{"line":3,"column":0},"end":{"line":3,"column":33}},"3":{"start":{"line":4,"column":0},"end":{"line":4,"column":26}},"4":{"start":{"line":5,"column":0},"end":{"line":5,"column":54}},"5":{"start":{"line":6,"column":0},"end":{"line":6,"column":10}},"6":{"start":{"line":7,"column":0},"end":{"line":7,"column":16}},"7":{"start":{"line":8,"column":0},"end":{"line":8,"column":3}},"8":{"start":{"line":9,"column":0},"end":{"line":9,"column":2}}},"s":{"0":1,"1":1,"2":1,"3":4,"4":3,"5":4,"6":1,"7":1,"8":4},"branchMap":{"0":{"type":"branch","line":1,"loc":{"start":{"line":1,"column":25},"end":{"line":1,"column":34}},"locations":[{"start":{"line":1,"column":25},"end":{"line":1,"column":34}}]},"1":{"type":"branch","line":1,"loc":{"start":{"line":1,"column":25},"end":{"line":1,"column":34}},"locations":[{"start":{"line":1,"column":25},"end":{"line":1,"column":34}}]},"2":{"type":"branch","line":3,"loc":{"start":{"line":3,"column":22},"end":{"line":9,"column":2}},"locations":[{"start":{"line":3,"column":22},"end":{"line":9,"column":2}}]},"3":{"type":"branch","line":4,"loc":{"start":{"line":4,"column":25},"end":{"line":6,"column":3}},"locations":[{"start":{"line":4,"column":25},"end":{"line":6,"column":3}}]},"4":{"type":"branch","line":6,"loc":{"start":{"line":6,"column":3},"end":{"line":8,"column":3}},"locations":[{"start":{"line":6,"column":3},"end":{"line":8,"column":3}}]}},"b":{"0":[1],"1":[3],"2":[4],"3":[3],"4":[1]},"fnMap":{"0":{"name":"MyExceptions","decl":{"start":{"line":1,"column":25},"end":{"line":1,"column":34}},"loc":{"start":{"line":1,"column":25},"end":{"line":1,"column":34}},"line":1},"1":{"name":"callMe","decl":{"start":{"line":3,"column":22},"end":{"line":9,"column":2}},"loc":{"start":{"line":3,"column":22},"end":{"line":9,"column":2}},"line":3}},"f":{"0":3,"1":4}}
,"D:\\PROJECT-WEBSITE\\belajar-nodejs-unit-test\\src\\sum.js": {"path":"D:\\PROJECT-WEBSITE\\belajar-nodejs-unit-test\\src\\sum.js","all":false,"statementMap":{"0":{"start":{"line":1,"column":0},"end":{"line":1,"column":39}},"1":{"start":{"line":2,"column":0},"end":{"line":2,"column":24}},"2":{"start":{"line":3,"column":0},"end":{"line":3,"column":2}}},"s":{"0":1,"1":7,"2":7},"branchMap":{"0":{"type":"branch","line":1,"loc":{"start":{"line":1,"column":19},"end":{"line":3,"column":2}},"locations":[{"start":{"line":1,"column":19},"end":{"line":3,"column":2}}]}},"b":{"0":[7]},"fnMap":{"0":{"name":"sum","decl":{"start":{"line":1,"column":19},"end":{"line":3,"column":2}},"loc":{"start":{"line":1,"column":19},"end":{"line":3,"column":2}},"line":1}},"f":{"0":7}}
}
