{"D:\\PROJECT-WEBSITE\\belajar-nodejs-unit-test\\src\\sum.js": {"path":"D:\\PROJECT-WEBSITE\\belajar-nodejs-unit-test\\src\\sum.js","all":false,"statementMap":{"0":{"start":{"line":1,"column":0},"end":{"line":1,"column":39}},"1":{"start":{"line":2,"column":0},"end":{"line":2,"column":24}},"2":{"start":{"line":3,"column":0},"end":{"line":3,"column":2}},"3":{"start":{"line":4,"column":0},"end":{"line":4,"column":0}},"4":{"start":{"line":5,"column":0},"end":{"line":5,"column":37}},"5":{"start":{"line":6,"column":0},"end":{"line":6,"column":40}},"6":{"start":{"line":7,"column":0},"end":{"line":7,"column":2}}},"s":{"0":1,"1":0,"2":0,"3":1,"4":1,"5":6,"6":6},"branchMap":{"0":{"type":"branch","line":5,"loc":{"start":{"line":5,"column":22},"end":{"line":7,"column":2}},"locations":[{"start":{"line":5,"column":22},"end":{"line":7,"column":2}}]},"1":{"type":"branch","line":5,"loc":{"start":{"line":5,"column":26},"end":{"line":5,"column":31}},"locations":[{"start":{"line":5,"column":26},"end":{"line":5,"column":31}}]},"2":{"type":"branch","line":6,"loc":{"start":{"line":6,"column":20},"end":{"line":6,"column":37}},"locations":[{"start":{"line":6,"column":20},"end":{"line":6,"column":37}}]}},"b":{"0":[6],"1":[0],"2":[30]},"fnMap":{"0":{"name":"sum","decl":{"start":{"line":1,"column":19},"end":{"line":3,"column":2}},"loc":{"start":{"line":1,"column":19},"end":{"line":3,"column":2}},"line":1},"1":{"name":"sumAll","decl":{"start":{"line":5,"column":22},"end":{"line":7,"column":2}},"loc":{"start":{"line":5,"column":22},"end":{"line":7,"column":2}},"line":5}},"f":{"0":0,"1":6}}
}
