TN:
SF:src\user-repo.js
FN:1,UserRepository
FN:2,save
FN:6,findById
FN:10,findAll
FNF:4
FNH:1
FNDA:1,UserRepository
FNDA:0,save
FNDA:0,findById
FNDA:0,findAll
DA:1,1
DA:2,1
DA:3,0
DA:4,0
DA:5,1
DA:6,1
DA:7,0
DA:8,0
DA:9,1
DA:10,1
DA:11,0
DA:12,0
DA:13,1
LF:13
LH:7
BRDA:1,0,0,1
BRDA:1,1,0,1
BRF:2
BRH:2
end_of_record
TN:
SF:src\user-service.js
FN:4,UserService
FN:12,save
FN:16,findById
FN:20,findAll
FNF:4
FNH:2
FNDA:1,UserService
FNDA:0,save
FNDA:1,findById
FNDA:0,findAll
DA:1,1
DA:2,1
DA:3,1
DA:4,1
DA:5,1
DA:6,1
DA:7,1
DA:8,0
DA:9,0
DA:10,1
DA:11,1
DA:12,1
DA:13,0
DA:14,0
DA:15,1
DA:16,1
DA:17,1
DA:18,1
DA:19,1
DA:20,1
DA:21,0
DA:22,0
DA:23,1
LF:23
LH:17
BRDA:3,0,0,1
BRDA:4,1,0,1
BRDA:7,2,0,0
BRDA:16,3,0,1
BRF:4
BRH:3
end_of_record
