TN:
SF:src\async.js
FN:1,sayHelloAsync
FNF:1
FNH:1
FNDA:2,sayHelloAsync
DA:1,1
DA:2,2
DA:3,2
DA:4,2
DA:5,1
DA:6,1
DA:7,1
DA:8,1
DA:9,2
DA:10,2
DA:11,2
LF:11
LH:11
BRDA:1,0,0,2
BRDA:2,1,0,2
BRDA:3,2,0,2
BRDA:4,3,0,1
BRF:4
BRH:4
end_of_record
TN:
SF:src\exception.js
FN:1,MyExceptions
FN:3,callMe
FNF:2
FNH:2
FNDA:3,MyExceptions
FNDA:4,callMe
DA:1,1
DA:2,1
DA:3,1
DA:4,4
DA:5,3
DA:6,4
DA:7,1
DA:8,1
DA:9,4
LF:9
LH:9
BRDA:1,0,0,1
BRDA:1,1,0,3
BRDA:3,2,0,4
BRDA:4,3,0,3
BRDA:6,4,0,1
BRF:5
BRH:5
end_of_record
TN:
SF:src\sum.js
FN:1,sum
FNF:1
FNH:1
FNDA:7,sum
DA:1,1
DA:2,7
DA:3,7
LF:3
LH:3
BRDA:1,0,0,7
BRF:1
BRH:1
end_of_record
